<?xml version="1.0" encoding="UTF-8"?>
<testsuite name="com.chargepoint.asynccharging.services.AuthorizationServiceTest" tests="3" skipped="0" failures="0" errors="0" timestamp="2025-07-18T09:54:52" hostname="Umakants-MacBook-Air.local" time="0.002">
  <properties/>
  <testcase name="authorize returns unknown for other tokens()" classname="com.chargepoint.asynccharging.services.AuthorizationServiceTest" time="0.0"/>
  <testcase name="authorize returns not_allowed for blocked token()" classname="com.chargepoint.asynccharging.services.AuthorizationServiceTest" time="0.001"/>
  <testcase name="authorize returns allowed for test token()" classname="com.chargepoint.asynccharging.services.AuthorizationServiceTest" time="0.001"/>
  <system-out><![CDATA[]]></system-out>
  <system-err><![CDATA[]]></system-err>
</testsuite>
