<?xml version="1.0" encoding="UTF-8"?>
<testsuite name="com.chargepoint.asynccharging.repository.AuthorizationRepositoryTest" tests="3" skipped="0" failures="0" errors="0" timestamp="2025-07-18T09:54:52" hostname="Umakants-MacBook-Air.local" time="0.002">
  <properties/>
  <testcase name="should return allowed for token starting with test()" classname="com.chargepoint.asynccharging.repository.AuthorizationRepositoryTest" time="0.0"/>
  <testcase name="should return not_allowed for token starting with blocked()" classname="com.chargepoint.asynccharging.repository.AuthorizationRepositoryTest" time="0.001"/>
  <testcase name="should return unknown for unclassified token()" classname="com.chargepoint.asynccharging.repository.AuthorizationRepositoryTest" time="0.0"/>
  <system-out><![CDATA[]]></system-out>
  <system-err><![CDATA[]]></system-err>
</testsuite>
