<?xml version="1.0" encoding="UTF-8"?>
<testsuite name="com.chargepoint.asynccharging.utils.ValidatorTest" tests="7" skipped="0" failures="0" errors="0" timestamp="2025-07-18T09:54:52" hostname="Umakants-MacBook-Air.local" time="0.003">
  <properties/>
  <testcase name="driver token too short should fail()" classname="com.chargepoint.asynccharging.utils.ValidatorTest" time="0.0"/>
  <testcase name="valid driver token should pass()" classname="com.chargepoint.asynccharging.utils.ValidatorTest" time="0.0"/>
  <testcase name="driver token with invalid characters should fail()" classname="com.chargepoint.asynccharging.utils.ValidatorTest" time="0.0"/>
  <testcase name="invalid UUID format should fail()" classname="com.chargepoint.asynccharging.utils.ValidatorTest" time="0.001"/>
  <testcase name="valid UUID format should pass()" classname="com.chargepoint.asynccharging.utils.ValidatorTest" time="0.0"/>
  <testcase name="invalid callback URL should fail()" classname="com.chargepoint.asynccharging.utils.ValidatorTest" time="0.0"/>
  <testcase name="valid callback URL should pass()" classname="com.chargepoint.asynccharging.utils.ValidatorTest" time="0.0"/>
  <system-out><![CDATA[]]></system-out>
  <system-err><![CDATA[]]></system-err>
</testsuite>
