<?xml version="1.0" encoding="UTF-8"?>
<testsuite name="com.chargepoint.asynccharging.ApplicationTest" tests="1" skipped="0" failures="0" errors="0" timestamp="2025-07-18T09:54:50" hostname="Umakants-MacBook-Air.local" time="0.935">
  <properties/>
  <testcase name="testRoot()" classname="com.chargepoint.asynccharging.ApplicationTest" time="0.935"/>
  <system-out><![CDATA[2025-07-18 15:24:51,201 [DefaultDispatcher-worker-1 @call-context#2] INFO  ktor.test - No ktor.deployment.watch patterns specified, automatic reload is not active.
2025-07-18 15:24:51,658 [DefaultDispatcher-worker-1 @call-context#2] INFO  ktor.test - Application started in 0.464 seconds.
2025-07-18 15:24:51,665 [DefaultDispatcher-worker-2 @coroutine#4] INFO  ktor.test - Responding at http://localhost:80
2025-07-18 15:24:51,666 [DefaultDispatcher-worker-2 @coroutine#4] INFO  ktor.test - Responding at https://localhost:443
]]></system-out>
  <system-err><![CDATA[]]></system-err>
</testsuite>
