<?xml version="1.0" encoding="UTF-8"?>
<testsuite name="com.chargepoint.asynccharging.queue.AuthorizationQueueTest" tests="2" skipped="0" failures="0" errors="0" timestamp="2025-07-18T09:54:52" hostname="Umakants-MacBook-Air.local" time="0.002">
  <properties/>
  <testcase name="dequeue returns null on empty queue()" classname="com.chargepoint.asynccharging.queue.AuthorizationQueueTest" time="0.001"/>
  <testcase name="enqueue and dequeue request()" classname="com.chargepoint.asynccharging.queue.AuthorizationQueueTest" time="0.001"/>
  <system-out><![CDATA[]]></system-out>
  <system-err><![CDATA[]]></system-err>
</testsuite>
